<?xml version="1.0" encoding="UTF-8"?>
<!-- Generated by org.testng.reporters.JUnitReportReporter -->
<testsuite skipped="0" hostname="ajay-PC" name="logionframework.runner.runnerScenarioOutline" tests="1" failures="0" timestamp="30 Jul 2018 02:11:50 GMT" time="95.550" errors="0">
  <testcase name="feature" time="95.550" classname="logionframework.runner.runnerScenarioOutline"/>
</testsuite> <!-- logionframework.runner.runnerScenarioOutline -->
